\BOOKMARK [1][-]{section.1}{\376\377\000I\000n\000t\000r\000o\000d\000u\000c\000t\000i\000o\000n\000\040\000a\000u\000x\000\040\000f\000o\000n\000c\000t\000i\000o\000n\000s\000\040\000e\000x\000p\000o\000n\000e\000n\000t\000i\000e\000l\000l\000e\000s}{}% 1
\BOOKMARK [2][-]{subsection.1.1}{\376\377\000D\000\351\000f\000i\000n\000i\000t\000i\000o\000n\000\040\000i\000n\000t\000u\000i\000t\000i\000v\000e}{section.1}% 2
\BOOKMARK [2][-]{subsection.1.2}{\376\377\000D\000\351\000f\000i\000n\000i\000t\000i\000o\000n\000\040\000f\000o\000r\000m\000e\000l\000l\000e}{section.1}% 3
\BOOKMARK [2][-]{subsection.1.3}{\376\377\000P\000r\000o\000p\000r\000i\000\351\000t\000\351\000s\000\040\000f\000o\000n\000d\000a\000m\000e\000n\000t\000a\000l\000e\000s}{section.1}% 4
\BOOKMARK [2][-]{subsection.1.4}{\376\377\000D\000\351\000r\000i\000v\000\351\000e\000\040\000e\000t\000\040\000p\000r\000i\000m\000i\000t\000i\000v\000e}{section.1}% 5
\BOOKMARK [2][-]{subsection.1.5}{\376\377\000A\000p\000p\000l\000i\000c\000a\000t\000i\000o\000n\000s}{section.1}% 6
\BOOKMARK [1][-]{section.2}{\376\377\000I\000n\000t\000r\000o\000d\000u\000c\000t\000i\000o\000n\000\040\000a\000u\000x\000\040\000f\000o\000n\000c\000t\000i\000o\000n\000s\000\040\000l\000o\000g\000a\000r\000i\000t\000h\000m\000i\000q\000u\000e\000s}{}% 7
\BOOKMARK [2][-]{subsection.2.1}{\376\377\000D\000\351\000f\000i\000n\000i\000t\000i\000o\000n\000\040\000d\000e\000\040\000l\000a\000\040\000f\000o\000n\000c\000t\000i\000o\000n\000\040\000l\000o\000g\000a\000r\000i\000t\000h\000m\000i\000q\000u\000e}{section.2}% 8
\BOOKMARK [2][-]{subsection.2.2}{\376\377\000P\000r\000o\000p\000r\000i\000\351\000t\000\351\000s\000\040\000f\000o\000n\000d\000a\000m\000e\000n\000t\000a\000l\000e\000s}{section.2}% 9
\BOOKMARK [2][-]{subsection.2.3}{\376\377\000D\000\351\000r\000i\000v\000\351\000e\000\040\000e\000t\000\040\000p\000r\000i\000m\000i\000t\000i\000v\000e\000\040\000d\000e\000\040\000l\000a\000\040\000f\000o\000n\000c\000t\000i\000o\000n\000\040\000l\000o\000g\000a\000r\000i\000t\000h\000m\000i\000q\000u\000e}{section.2}% 10
\BOOKMARK [2][-]{subsection.2.4}{\376\377\000E\000x\000e\000m\000p\000l\000e\000s\000\040\000d\000'\000u\000t\000i\000l\000i\000s\000a\000t\000i\000o\000n}{section.2}% 11
\BOOKMARK [1][-]{section.3}{\376\377\000L\000i\000e\000n\000\040\000e\000n\000t\000r\000e\000\040\000l\000o\000g\000a\000r\000i\000t\000h\000m\000e\000\040\000e\000t\000\040\000e\000x\000p\000o\000n\000e\000n\000t\000i\000e\000l\000l\000e}{}% 12
\BOOKMARK [2][-]{subsection.3.1}{\376\377\000R\000e\000l\000a\000t\000i\000o\000n\000\040\000f\000o\000n\000d\000a\000m\000e\000n\000t\000a\000l\000e}{section.3}% 13
\BOOKMARK [2][-]{subsection.3.2}{\376\377\000C\000o\000m\000p\000o\000r\000t\000e\000m\000e\000n\000t\000\040\000a\000s\000y\000m\000p\000t\000o\000t\000i\000q\000u\000e}{section.3}% 14
\BOOKMARK [2][-]{subsection.3.3}{\376\377\000I\000n\000v\000e\000r\000s\000i\000b\000i\000l\000i\000t\000\351}{section.3}% 15
\BOOKMARK [1][-]{section.4}{\376\377\000P\000r\000o\000p\000r\000i\000\351\000t\000\351\000s\000\040\000a\000v\000a\000n\000c\000\351\000e\000s\000\040\000d\000e\000s\000\040\000f\000o\000n\000c\000t\000i\000o\000n\000s\000\040\000l\000o\000g\000a\000r\000i\000t\000h\000m\000i\000q\000u\000e\000s\000\040\000e\000t\000\040\000e\000x\000p\000o\000n\000e\000n\000t\000i\000e\000l\000l\000e\000s}{}% 16
\BOOKMARK [2][-]{subsection.4.1}{\376\377\000C\000r\000o\000i\000s\000s\000a\000n\000c\000e\000\040\000e\000t\000\040\000d\000\351\000c\000r\000o\000i\000s\000s\000a\000n\000c\000e\000\040\000e\000x\000p\000o\000n\000e\000n\000t\000i\000e\000l\000l\000e\000s}{section.4}% 17
\BOOKMARK [2][-]{subsection.4.2}{\376\377\000F\000o\000n\000c\000t\000i\000o\000n\000\040\000e\000x\000p\000o\000n\000e\000n\000t\000i\000e\000l\000l\000e\000\040\000c\000o\000m\000p\000l\000e\000x\000e}{section.4}% 18
\BOOKMARK [2][-]{subsection.4.3}{\376\377\000T\000h\000\351\000o\000r\000\350\000m\000e\000s\000\040\000e\000t\000\040\000i\000n\000\351\000g\000a\000l\000i\000t\000\351\000s\000\040\000a\000s\000s\000o\000c\000i\000\351\000e\000s}{section.4}% 19
\BOOKMARK [1][-]{section.5}{\376\377\000\311\000q\000u\000a\000t\000i\000o\000n\000s\000\040\000e\000x\000p\000o\000n\000e\000n\000t\000i\000e\000l\000l\000e\000s\000\040\000e\000t\000\040\000l\000o\000g\000a\000r\000i\000t\000h\000m\000i\000q\000u\000e\000s}{}% 20
\BOOKMARK [2][-]{subsection.5.1}{\376\377\000R\000\351\000s\000o\000l\000u\000t\000i\000o\000n\000\040\000d\000'\000\351\000q\000u\000a\000t\000i\000o\000n\000s\000\040\000e\000x\000p\000o\000n\000e\000n\000t\000i\000e\000l\000l\000e\000s}{section.5}% 21
\BOOKMARK [2][-]{subsection.5.2}{\376\377\000R\000\351\000s\000o\000l\000u\000t\000i\000o\000n\000\040\000d\000'\000\351\000q\000u\000a\000t\000i\000o\000n\000s\000\040\000l\000o\000g\000a\000r\000i\000t\000h\000m\000i\000q\000u\000e\000s}{section.5}% 22
\BOOKMARK [2][-]{subsection.5.3}{\376\377\000C\000o\000m\000b\000i\000n\000a\000i\000s\000o\000n\000\040\000d\000e\000s\000\040\000f\000o\000n\000c\000t\000i\000o\000n\000s\000\040\000e\000x\000p\000o\000n\000e\000n\000t\000i\000e\000l\000l\000e\000s\000\040\000e\000t\000\040\000l\000o\000g\000a\000r\000i\000t\000h\000m\000i\000q\000u\000e\000s}{section.5}% 23
\BOOKMARK [1][-]{section.6}{\376\377\000L\000i\000m\000i\000t\000e\000s\000\040\000d\000e\000s\000\040\000f\000o\000n\000c\000t\000i\000o\000n\000s\000\040\000e\000x\000p\000o\000n\000e\000n\000t\000i\000e\000l\000l\000e\000s\000\040\000e\000t\000\040\000l\000o\000g\000a\000r\000i\000t\000h\000m\000i\000q\000u\000e\000s}{}% 24
\BOOKMARK [2][-]{subsection.6.1}{\376\377\000L\000i\000m\000i\000t\000e\000s\000\040\000d\000e\000\040\000l\000a\000\040\000f\000o\000n\000c\000t\000i\000o\000n\000\040\000e\000x\000p\000o\000n\000e\000n\000t\000i\000e\000l\000l\000e}{section.6}% 25
\BOOKMARK [2][-]{subsection.6.2}{\376\377\000L\000i\000m\000i\000t\000e\000s\000\040\000d\000e\000\040\000l\000a\000\040\000f\000o\000n\000c\000t\000i\000o\000n\000\040\000l\000o\000g\000a\000r\000i\000t\000h\000m\000i\000q\000u\000e}{section.6}% 26
\BOOKMARK [2][-]{subsection.6.3}{\376\377\000L\000i\000m\000i\000t\000e\000s\000\040\000d\000e\000\040\000q\000u\000o\000t\000i\000e\000n\000t\000s\000\040\000e\000x\000p\000o\000n\000e\000n\000t\000i\000e\000l\000s\000\040\000e\000t\000\040\000l\000o\000g\000a\000r\000i\000t\000h\000m\000i\000q\000u\000e\000s}{section.6}% 27
\BOOKMARK [2][-]{subsection.6.4}{\376\377\000L\000i\000m\000i\000t\000e\000s\000\040\000i\000n\000d\000\351\000t\000e\000r\000m\000i\000n\000\351\000e\000s}{section.6}% 28
\BOOKMARK [1][-]{section.7}{\376\377\000D\000\351\000r\000i\000v\000\351\000e\000s\000\040\000d\000e\000s\000\040\000f\000o\000n\000c\000t\000i\000o\000n\000s\000\040\000e\000x\000p\000o\000n\000e\000n\000t\000i\000e\000l\000l\000e\000s\000\040\000e\000t\000\040\000l\000o\000g\000a\000r\000i\000t\000h\000m\000i\000q\000u\000e\000s}{}% 29
\BOOKMARK [2][-]{subsection.7.1}{\376\377\000D\000\351\000r\000i\000v\000\351\000e\000\040\000d\000e\000\040\000l\000a\000\040\000f\000o\000n\000c\000t\000i\000o\000n\000\040\000e\000x\000p\000o\000n\000e\000n\000t\000i\000e\000l\000l\000e}{section.7}% 30
\BOOKMARK [2][-]{subsection.7.2}{\376\377\000D\000\351\000r\000i\000v\000\351\000e\000\040\000d\000e\000\040\000l\000a\000\040\000f\000o\000n\000c\000t\000i\000o\000n\000\040\000l\000o\000g\000a\000r\000i\000t\000h\000m\000i\000q\000u\000e}{section.7}% 31
\BOOKMARK [2][-]{subsection.7.3}{\376\377\000E\000x\000e\000m\000p\000l\000e\000s\000\040\000d\000e\000\040\000d\000\351\000r\000i\000v\000\351\000e\000s}{section.7}% 32
\BOOKMARK [2][-]{subsection.7.4}{\376\377\000D\000\351\000r\000i\000v\000\351\000e\000s\000\040\000d\000e\000s\000\040\000f\000o\000n\000c\000t\000i\000o\000n\000s\000\040\000e\000x\000p\000o\000n\000e\000n\000t\000i\000e\000l\000l\000e\000s\000\040\000a\000v\000e\000c\000\040\000b\000a\000s\000e\000s\000\040\000d\000i\000f\000f\000\351\000r\000e\000n\000t\000e\000s}{section.7}% 33
\BOOKMARK [1][-]{section.8}{\376\377\000A\000p\000p\000l\000i\000c\000a\000t\000i\000o\000n\000s\000\040\000d\000e\000s\000\040\000f\000o\000n\000c\000t\000i\000o\000n\000s\000\040\000e\000x\000p\000o\000n\000e\000n\000t\000i\000e\000l\000l\000e\000s\000\040\000e\000t\000\040\000l\000o\000g\000a\000r\000i\000t\000h\000m\000i\000q\000u\000e\000s}{}% 34
\BOOKMARK [2][-]{subsection.8.1}{\376\377\000C\000r\000o\000i\000s\000s\000a\000n\000c\000e\000\040\000e\000t\000\040\000d\000\351\000c\000r\000o\000i\000s\000s\000a\000n\000c\000e\000\040\000e\000x\000p\000o\000n\000e\000n\000t\000i\000e\000l\000l\000e\000s}{section.8}% 35
\BOOKMARK [2][-]{subsection.8.2}{\376\377\000C\000a\000l\000c\000u\000l\000\040\000d\000u\000\040\000t\000a\000u\000x\000\040\000d\000e\000\040\000c\000r\000o\000i\000s\000s\000a\000n\000c\000e\000\040\000o\000u\000\040\000d\000e\000\040\000d\000\351\000c\000r\000o\000i\000s\000s\000a\000n\000c\000e}{section.8}% 36
\BOOKMARK [2][-]{subsection.8.3}{\376\377\000\311\000q\000u\000a\000t\000i\000o\000n\000s\000\040\000d\000i\000f\000f\000\351\000r\000e\000n\000t\000i\000e\000l\000l\000e\000s}{section.8}% 37
\BOOKMARK [2][-]{subsection.8.4}{\376\377\000A\000p\000p\000l\000i\000c\000a\000t\000i\000o\000n\000s\000\040\000p\000h\000y\000s\000i\000q\000u\000e\000s}{section.8}% 38
