\BOOKMARK [1][-]{section.1}{\376\377\000L\000e\000s\000\040\000e\000n\000s\000e\000m\000b\000l\000e\000s\000\040\000d\000e\000\040\000n\000o\000m\000b\000r\000e\000s\000\040\000u\000s\000u\000e\000l\000s}{}% 1
\BOOKMARK [2][-]{subsection.1.1}{\376\377\000D\000\351\000f\000i\000n\000i\000t\000i\000o\000n}{section.1}% 2
\BOOKMARK [1][-]{section.2}{\376\377\000I\000n\000t\000e\000r\000v\000a\000l\000l\000e\000s\000\040\000e\000t\000\040\000i\000n\000\351\000g\000a\000l\000i\000t\000\351\000s\000\040\000d\000a\000n\000s\000\040\000R}{}% 3
\BOOKMARK [2][-]{subsection.2.1}{\376\377\000D\000\351\000f\000i\000n\000i\000t\000i\000o\000n}{section.2}% 4
\BOOKMARK [2][-]{subsection.2.2}{\376\377\000R\000e\000m\000a\000r\000q\000u\000e\000\040}{section.2}% 5
\BOOKMARK [2][-]{subsection.2.3}{\376\377\000E\000x\000e\000m\000p\000l\000e\000s\000\040}{section.2}% 6
\BOOKMARK [2][-]{subsection.2.4}{\376\377\000P\000r\000o\000p\000o\000s\000i\000t\000i\000o\000n}{section.2}% 7
\BOOKMARK [2][-]{subsection.2.5}{\376\377\000D\000\351\000f\000i\000n\000i\000t\000i\000o\000n\000\040}{section.2}% 8
\BOOKMARK [2][-]{subsection.2.6}{\376\377\000R\000e\000m\000a\000r\000q\000u\000e\000\040}{section.2}% 9
\BOOKMARK [1][-]{section.3}{\376\377\000\040\000R\000a\000c\000i\000n\000e\000s\000\040\000e\000t\000\040\000p\000u\000i\000s\000s\000a\000n\000c\000e\000s}{}% 10
\BOOKMARK [2][-]{subsection.3.1}{\376\377\000D\000\351\000f\000i\000n\000i\000t\000i\000o\000n\000\040}{section.3}% 11
\BOOKMARK [2][-]{subsection.3.2}{\376\377\000R\000e\000m\000a\000r\000q\000u\000e\000\040}{section.3}% 12
\BOOKMARK [2][-]{subsection.3.3}{\376\377\000P\000r\000o\000p\000o\000s\000i\000t\000i\000o\000n\000\040}{section.3}% 13
\BOOKMARK [2][-]{subsection.3.4}{\376\377\000R\000e\000m\000a\000r\000q\000u\000e\000s\000\040}{section.3}% 14
\BOOKMARK [2][-]{subsection.3.5}{\376\377\000E\000x\000e\000m\000p\000l\000e\000s}{section.3}% 15
\BOOKMARK [2][-]{subsection.3.6}{\376\377\000D\000\351\000f\000i\000n\000i\000t\000i\000o\000n\000\040}{section.3}% 16
\BOOKMARK [2][-]{subsection.3.7}{\376\377\000P\000r\000o\000p\000o\000s\000i\000t\000i\000o\000n\000\040}{section.3}% 17
\BOOKMARK [1][-]{section.4}{\376\377\000L\000a\000\040\000v\000a\000l\000e\000u\000r\000\040\000a\000b\000s\000o\000l\000u\000e}{}% 18
\BOOKMARK [2][-]{subsection.4.1}{\376\377\000D\000\351\000f\000i\000n\000i\000t\000i\000o\000n\000\040}{section.4}% 19
\BOOKMARK [2][-]{subsection.4.2}{\376\377\000R\000e\000m\000a\000r\000q\000u\000e\000s\000\040}{section.4}% 20
\BOOKMARK [2][-]{subsection.4.3}{\376\377\000P\000r\000o\000p\000o\000s\000i\000t\000i\000o\000n\000\040}{section.4}% 21
\BOOKMARK [2][-]{subsection.4.4}{\376\377\000D\000\351\000m\000o\000n\000s\000t\000r\000a\000t\000i\000o\000n}{section.4}% 22
\BOOKMARK [2][-]{subsection.4.5}{\376\377\000R\000e\000m\000a\000r\000q\000u\000e\000s\000\040}{section.4}% 23
\BOOKMARK [2][-]{subsection.4.6}{\376\377\000C\000o\000r\000o\000l\000l\000a\000i\000r\000e}{section.4}% 24
\BOOKMARK [2][-]{subsection.4.7}{\376\377\000D\000\351\000f\000i\000n\000i\000t\000i\000o\000n}{section.4}% 25
\BOOKMARK [2][-]{subsection.4.8}{\376\377\000R\000e\000m\000a\000r\000q\000u\000e\000\040}{section.4}% 26
\BOOKMARK [2][-]{subsection.4.9}{\376\377\000T\000h\000\351\000o\000r\000\350\000m\000e\000\040\000\050\000I\000n\000\351\000g\000a\000l\000i\000t\000\351\000\040\000t\000r\000i\000a\000n\000g\000u\000l\000a\000i\000r\000e\000\051}{section.4}% 27
\BOOKMARK [1][-]{section.5}{\376\377\000L\000a\000\040\000p\000a\000r\000t\000i\000e\000\040\000e\000n\000t\000i\000\350\000r\000e}{}% 28
\BOOKMARK [2][-]{subsection.5.1}{\376\377\000T\000h\000\351\000o\000r\000\350\000m\000e\000-\000D\000\351\000f\000i\000n\000i\000t\000i\000o\000n\000\040}{section.5}% 29
\BOOKMARK [3][-]{subsubsection.5.1.1}{\376\377\000D\000\351\000m\000o\000n\000s\000t\000r\000a\000t\000i\000o\000n}{subsection.5.1}% 30
\BOOKMARK [2][-]{subsection.5.2}{\376\377\000P\000r\000o\000p\000o\000s\000i\000t\000i\000o\000n\000\040}{section.5}% 31
\BOOKMARK [3][-]{subsubsection.5.2.1}{\376\377\000D\000\351\000m\000o\000n\000s\000t\000r\000a\000t\000i\000o\000n}{subsection.5.2}% 32
\BOOKMARK [3][-]{subsubsection.5.2.2}{\376\377\000R\000e\000m\000a\000r\000q\000u\000e\000\040}{subsection.5.2}% 33
\BOOKMARK [2][-]{subsection.5.3}{\376\377\000E\000x\000e\000m\000p\000l\000e\000\040}{section.5}% 34
\BOOKMARK [2][-]{subsection.5.4}{\376\377\000P\000r\000o\000p\000o\000s\000i\000t\000i\000o\000n\000\040}{section.5}% 35
\BOOKMARK [3][-]{subsubsection.5.4.1}{\376\377\000D\000\351\000m\000o\000n\000s\000t\000r\000a\000t\000i\000o\000n}{subsection.5.4}% 36
\BOOKMARK [2][-]{subsection.5.5}{\376\377\000P\000r\000o\000p\000o\000s\000i\000t\000i\000o\000n\000\040}{section.5}% 37
